{
  "RSpec": {
    "coverage": {
      "/Users/Rad/Projects/Social-Network-Scroller/spec/controllers/profile_controller_spec.rb": [
        1,
        1,
        1,
        null,
        null,
        1,
        null,
        1,
        null,
        1,
        null,
        1,
        2,
        null,
        null,
        1,
        1,
        1,
        1,
        1,
        null,
        null,
        1,
        1,
        1,
        1,
        null,
        null,
        null,
        null,
        1,
        null,
        1,
        2,
        null,
        null,
        1,
        1,
        1,
        null,
        null,
        1,
        1,
        1,
        1,
        1,
        null,
        null,
        null,
        null,
        null,
        null,
        null
      ],
      "/Users/Rad/Projects/Social-Network-Scroller/app/controllers/api/v1/profiles_controller.rb": [
        1,
        null,
        1,
        null,
        1,
        9,
        9,
        null,
        null,
        1,
        null,
        null,
        1,
        null,
        1,
        9,
        0,
        null,
        9,
        null,
        null,
        null,
        1,
        9,
        13,
        9,
        14,
        null,
        null,
        null,
        1,
        0,
        0,
        0,
        0,
        null,
        null,
        null,
        null,
        null,
        null
      ],
      "/Users/Rad/Projects/Social-Network-Scroller/app/controllers/api/v1/api_controller.rb": [
        1,
        1,
        null,
        null
      ],
      "/Users/Rad/Projects/Social-Network-Scroller/app/controllers/application_controller.rb": [
        1,
        1,
        null,
        null,
        null
      ],
      "/Users/Rad/Projects/Social-Network-Scroller/spec/models/profile_spec.rb": [
        1,
        null,
        null,
        null,
        null,
        1,
        5,
        null,
        5,
        null,
        2,
        2,
        2,
        null,
        2,
        null
      ],
      "/Users/Rad/Projects/Social-Network-Scroller/app/models/profile.rb": [
        1,
        null,
        null
      ],
      "/Users/Rad/Projects/Social-Network-Scroller/app/models/application_record.rb": [
        1,
        1,
        null
      ],
      "/Users/Rad/Projects/Social-Network-Scroller/spec/views/index_view_spec.rb": [
        1,
        null,
        1,
        null,
        1,
        1,
        1,
        1,
        null,
        null,
        null,
        1,
        1,
        2,
        null,
        null,
        1,
        1,
        1,
        null,
        null,
        1,
        1,
        1,
        1,
        null,
        null,
        null,
        null
      ]
    },
    "timestamp": 1480249434
  }
}
